<?xml version="1.0" encoding="UTF-8"?>
<!-- Generated by org.testng.reporters.JUnitReportReporter -->
<testsuite hostname="DESKTOP-L3MJ2C4" failures="0" tests="1" name="Vtiger.contect.reposotory.ToCreateOrgnazation" time="26.138" errors="0" timestamp="2024-08-19T21:06:53 IST" skipped="0">
  <testcase classname="Vtiger.contect.reposotory.ToCreateOrgnazation" name="toCreateOrgnazationTc_001" time="26.138"/>
  <system-out/>
</testsuite> <!-- Vtiger.contect.reposotory.ToCreateOrgnazation -->
