<?xml version="1.0" encoding="UTF-8"?>
<!-- Generated by org.testng.reporters.JUnitReportReporter -->
<testsuite hostname="DESKTOP-L3MJ2C4" failures="0" tests="1" name="GenericUtility.BaseClass" time="3.469" errors="0" timestamp="2024-08-15T23:34:11 IST" skipped="0">
  <testcase classname="GenericUtility.BaseClass" name="RunSuccessfully" time="3.469"/>
  <system-out>
    <![CDATA[All working fine]]>
  </system-out>
</testsuite> <!-- GenericUtility.BaseClass -->
