<?xml version="1.0" encoding="UTF-8"?>
<!-- Generated by org.testng.reporters.JUnitReportReporter -->
<testsuite hostname="DESKTOP-L3MJ2C4" failures="0" tests="1" name="Vtiger.contect.reposotory.ToCreateContect" time="24.312" errors="0" timestamp="2024-08-19T21:06:53 IST" skipped="0">
  <testcase classname="Vtiger.contect.reposotory.ToCreateContect" name="toCreatContect_001" time="24.312"/>
  <system-out/>
</testsuite> <!-- Vtiger.contect.reposotory.ToCreateContect -->
